<?xml version="1.0" encoding="UTF-8"?>
<!-- Generated by org.testng.reporters.JUnitXMLReporter -->
<testsuite ignored="0" hostname="DESKTOP-I6EP1Q3" failures="0" tests="3" name="Default test" time="0.067" errors="0" timestamp="2023-09-07T01:16:46 EDT">
  <testcase classname="testSuite1.module1" name="beforeMethod" time="0.008"/>
  <testcase classname="testSuite1.module1" name="test002" time="0.004"/>
  <testcase classname="testSuite1.module1" name="test003" time="0.003"/>
</testsuite> <!-- Default test -->
