<?xml version="1.0" encoding="UTF-8"?>
<!-- Generated by org.testng.reporters.JUnitXMLReporter -->
<testsuite ignored="0" hostname="DESKTOP-I6EP1Q3" failures="0" tests="6" name="Test" time="0.07" errors="0" timestamp="2023-09-07T00:44:43 EDT">
  <testcase classname="testSuite1.module1" name="test001" time="0.009"/>
  <testcase classname="testSuite1.module1" name="test002" time="0.003"/>
  <testcase classname="testSuite1.module1" name="test003" time="0.004"/>
  <testcase classname="testSuite1.module2" name="test004" time="0.001"/>
  <testcase classname="testSuite1.module2" name="test005" time="0.001"/>
  <testcase classname="testSuite1.module2" name="test006" time="0.002"/>
</testsuite> <!-- Test -->
