<?xml version="1.0" encoding="UTF-8"?>
<!-- Generated by org.testng.reporters.JUnitXMLReporter -->
<testsuite ignored="0" hostname="DESKTOP-I6EP1Q3" failures="0" tests="3" name="sanity " time="0.062" errors="0" timestamp="2023-09-06T23:56:42 EDT">
  <testcase classname="testSuite1.module1" name="test001" time="0.01"/>
  <testcase classname="testSuite1.module1" name="test002" time="0.001"/>
  <testcase classname="testSuite1.module1" name="test003" time="0.002"/>
</testsuite> <!-- sanity  -->
