<?xml version="1.0" encoding="UTF-8"?>
<testng-results ignored="0" total="3" passed="3" failed="0" skipped="0">
  <reporter-output>
  </reporter-output>
  <suite started-at="2023-09-07T01:16:46 EDT" name="Default suite" finished-at="2023-09-07T01:16:46 EDT" duration-ms="67">
    <groups>
    </groups>
    <test started-at="2023-09-07T01:16:46 EDT" name="Default test" finished-at="2023-09-07T01:16:46 EDT" duration-ms="67">
      <class name="testSuite1.module1">
        <test-method is-config="true" signature="beforeMethod()[pri:0, instance:testSuite1.module1@799f10e1]" started-at="2023-09-07T01:16:46 EDT" name="beforeMethod" finished-at="2023-09-07T01:16:46 EDT" duration-ms="6" status="PASS">
          <reporter-output>
          </reporter-output>
        </test-method> <!-- beforeMethod -->
        <test-method signature="beforeMethod()[pri:0, instance:testSuite1.module1@799f10e1]" started-at="2023-09-07T01:16:46 EDT" name="beforeMethod" finished-at="2023-09-07T01:16:46 EDT" duration-ms="8" status="PASS">
          <reporter-output>
          </reporter-output>
        </test-method> <!-- beforeMethod -->
        <test-method is-config="true" signature="afterMethod()[pri:0, instance:testSuite1.module1@799f10e1]" started-at="2023-09-07T01:16:46 EDT" name="afterMethod" finished-at="2023-09-07T01:16:46 EDT" duration-ms="1" status="PASS">
          <reporter-output>
          </reporter-output>
        </test-method> <!-- afterMethod -->
        <test-method signature="test002()[pri:0, instance:testSuite1.module1@799f10e1]" started-at="2023-09-07T01:16:46 EDT" name="test002" finished-at="2023-09-07T01:16:46 EDT" duration-ms="4" status="PASS">
          <reporter-output>
          </reporter-output>
        </test-method> <!-- test002 -->
        <test-method is-config="true" signature="beforeMethod()[pri:0, instance:testSuite1.module1@799f10e1]" started-at="2023-09-07T01:16:46 EDT" name="beforeMethod" finished-at="2023-09-07T01:16:46 EDT" duration-ms="0" status="PASS">
          <reporter-output>
          </reporter-output>
        </test-method> <!-- beforeMethod -->
        <test-method is-config="true" signature="afterMethod()[pri:0, instance:testSuite1.module1@799f10e1]" started-at="2023-09-07T01:16:46 EDT" name="afterMethod" finished-at="2023-09-07T01:16:46 EDT" duration-ms="1" status="PASS">
          <reporter-output>
          </reporter-output>
        </test-method> <!-- afterMethod -->
        <test-method signature="test003()[pri:0, instance:testSuite1.module1@799f10e1]" started-at="2023-09-07T01:16:46 EDT" name="test003" finished-at="2023-09-07T01:16:46 EDT" duration-ms="3" status="PASS">
          <reporter-output>
          </reporter-output>
        </test-method> <!-- test003 -->
        <test-method is-config="true" signature="beforeMethod()[pri:0, instance:testSuite1.module1@799f10e1]" started-at="2023-09-07T01:16:46 EDT" name="beforeMethod" finished-at="2023-09-07T01:16:46 EDT" duration-ms="0" status="PASS">
          <reporter-output>
          </reporter-output>
        </test-method> <!-- beforeMethod -->
        <test-method is-config="true" signature="afterMethod()[pri:0, instance:testSuite1.module1@799f10e1]" started-at="2023-09-07T01:16:46 EDT" name="afterMethod" finished-at="2023-09-07T01:16:46 EDT" duration-ms="1" status="PASS">
          <reporter-output>
          </reporter-output>
        </test-method> <!-- afterMethod -->
      </class> <!-- testSuite1.module1 -->
    </test> <!-- Default test -->
  </suite> <!-- Default suite -->
</testng-results>
